2025-05-12 10:46:11,135 [INFO] Activator:176 - 


2025-05-12 10:46:11,138 [INFO] Activator:177 - !SESSION log4j initialized
2025-05-12 10:46:16,414 [ERROR] LogOutputStream:75 - [STDERR_REDIRECT] 
2025-05-12 10:46:21,466 [INFO] LogOutputStream:77 - [STDOUT_REDIRECT] 
2025-05-12 10:46:34,632 [INFO] ApplicationProperties:184 - Using Application install path: /Applications/STM32CubeIDE.app/Contents/Eclipse/plugins/com.st.stm32cube.common.mx_6.14.1.202504091515
2025-05-12 10:46:34,652 [INFO] DbMcusXml:78 - Set database path to: /Applications/STM32CubeIDE.app/Contents/Eclipse/plugins/com.st.stm32cube.common.mx_6.14.1.202504091515//db//mcu/
2025-05-12 10:46:34,652 [INFO] ApiDb:274 - Set plugin database path to: /Applications/STM32CubeIDE.app/Contents/Eclipse/plugins/com.st.stm32cube.common.mx_6.14.1.202504091515//db//plugins/boardmanager/
2025-05-12 10:46:34,652 [WARN] ApiDb:259 - Overriding images path with different value:  => /Applications/STM32CubeIDE.app/Contents/Eclipse/plugins/com.st.stm32cube.common.mx_6.14.1.202504091515//db//plugins/mcufinder/images/
2025-05-12 10:46:34,663 [INFO] ApiDb:250 - Set database path to: /Users/enrique/.stmcufinder/plugins/mcufinder//mcu/
2025-05-12 10:46:34,665 [INFO] DbMcusAds:125 - Set database path to: /Users/enrique/.stmcufinder/plugins/mcufinder//mcu/
2025-05-12 10:46:34,672 [INFO] CrossReferenceDbSqlite:203 - Set database path to: /Users/enrique/.stmcufinder/plugins/mcufinder//mcu/cs/
2025-05-12 10:46:34,870 [INFO] RulesReader:64 - Compatibility file has been processed (302 Rules)
2025-05-12 10:46:34,989 [INFO] DbMcusXml:78 - Set database path to: /Applications/STM32CubeIDE.app/Contents/Eclipse/plugins/com.st.stm32cube.common.mx_6.14.1.202504091515//db//mcu/
2025-05-12 10:46:34,990 [INFO] ApiDb:274 - Set plugin database path to: /Applications/STM32CubeIDE.app/Contents/Eclipse/plugins/com.st.stm32cube.common.mx_6.14.1.202504091515//db//plugins/boardmanager/
2025-05-12 10:46:34,990 [INFO] ApiDb:261 - Set plugin images path to: /Applications/STM32CubeIDE.app/Contents/Eclipse/plugins/com.st.stm32cube.common.mx_6.14.1.202504091515//db//plugins/mcufinder/images/
2025-05-12 10:46:34,990 [WARN] DbFile:41 - Overriding database path with different value: /Users/enrique/.stmcufinder/plugins/mcufinder/ => /Users/enrique/.stmcufinder/plugins/mcufinder
2025-05-12 10:46:34,990 [INFO] ApiDb:250 - Set database path to: /Users/enrique/.stmcufinder/plugins/mcufinder//mcu/
2025-05-12 10:46:34,990 [WARN] DbFile:41 - Overriding database path with different value: /Users/enrique/.stmcufinder/plugins/mcufinder/ => /Users/enrique/.stmcufinder/plugins/mcufinder
2025-05-12 10:46:34,991 [INFO] DbMcusAds:125 - Set database path to: /Users/enrique/.stmcufinder/plugins/mcufinder//mcu/
2025-05-12 10:46:34,991 [WARN] DbFile:41 - Overriding database path with different value: /Users/enrique/.stmcufinder/plugins/mcufinder/ => /Users/enrique/.stmcufinder/plugins/mcufinder
2025-05-12 10:46:34,991 [WARN] DbFile:41 - Overriding database path with different value: /Users/enrique/.stmcufinder/plugins/mcufinder/ => /Users/enrique/.stmcufinder/plugins/mcufinder
2025-05-12 10:46:34,991 [INFO] CrossReferenceDbSqlite:203 - Set database path to: /Users/enrique/.stmcufinder/plugins/mcufinder//mcu/cs/
2025-05-12 10:46:35,098 [INFO] MainPanel:272 - HeapMemory: 294649856
2025-05-12 10:46:36,538 [INFO] DbMcusXml:78 - Set database path to: /Applications/STM32CubeIDE.app/Contents/Eclipse/plugins/com.st.stm32cube.common.mx_6.14.1.202504091515//db//mcu/
2025-05-12 10:46:36,539 [INFO] ApiDb:274 - Set plugin database path to: /Applications/STM32CubeIDE.app/Contents/Eclipse/plugins/com.st.stm32cube.common.mx_6.14.1.202504091515//db//plugins/boardmanager/
2025-05-12 10:46:36,539 [INFO] ApiDb:261 - Set plugin images path to: /Applications/STM32CubeIDE.app/Contents/Eclipse/plugins/com.st.stm32cube.common.mx_6.14.1.202504091515//db//plugins/mcufinder/images/
2025-05-12 10:46:36,539 [WARN] DbFile:41 - Overriding database path with different value: /Users/enrique/.stmcufinder/plugins/mcufinder/ => /Users/enrique/.stmcufinder/plugins/mcufinder
2025-05-12 10:46:36,539 [INFO] ApiDb:250 - Set database path to: /Users/enrique/.stmcufinder/plugins/mcufinder//mcu/
2025-05-12 10:46:36,540 [WARN] DbFile:41 - Overriding database path with different value: /Users/enrique/.stmcufinder/plugins/mcufinder/ => /Users/enrique/.stmcufinder/plugins/mcufinder
2025-05-12 10:46:36,540 [INFO] DbMcusAds:125 - Set database path to: /Users/enrique/.stmcufinder/plugins/mcufinder//mcu/
2025-05-12 10:46:36,540 [WARN] DbFile:41 - Overriding database path with different value: /Users/enrique/.stmcufinder/plugins/mcufinder/ => /Users/enrique/.stmcufinder/plugins/mcufinder
2025-05-12 10:46:36,540 [WARN] DbFile:41 - Overriding database path with different value: /Users/enrique/.stmcufinder/plugins/mcufinder/ => /Users/enrique/.stmcufinder/plugins/mcufinder
2025-05-12 10:46:36,540 [INFO] CrossReferenceDbSqlite:203 - Set database path to: /Users/enrique/.stmcufinder/plugins/mcufinder//mcu/cs/
2025-05-12 10:46:36,572 [INFO] ApplicationProperties:184 - Using Application install path: /Applications/STM32CubeIDE.app/Contents/Eclipse/plugins/com.st.stm32cube.common.mx_6.14.1.202504091515
2025-05-12 10:46:36,573 [INFO] PluginManage:196 - Search for loadable plugins [exclusion list=, ]
2025-05-12 10:46:36,576 [INFO] PluginManage:310 - Check plugin analytics
2025-05-12 10:46:37,402 [INFO] AnalyticsPlugin:253 - Accepted Software Licenses: 
2025-05-12 10:46:37,413 [INFO] AnalyticsPlugin:255 - Accepted CMSIS Pack Licenses: 
2025-05-12 10:46:37,414 [INFO] AnalyticsPlugin:257 - Accepted Firmware Licenses: FW.G4.1.6.0
2025-05-12 10:46:37,430 [INFO] PluginManage:359 - Loaded plugin analytics (category:tool,tabindex:-1)
2025-05-12 10:46:37,436 [INFO] PluginManage:310 - Check plugin cadmodel
2025-05-12 10:46:37,504 [INFO] CADModel:105 - Init CAD model plugin
2025-05-12 10:46:37,505 [INFO] PluginManage:359 - Loaded plugin cadmodel (category:power,tabindex:5)
2025-05-12 10:46:37,509 [INFO] PluginManage:310 - Check plugin clock
2025-05-12 10:46:37,530 [INFO] PluginManage:359 - Loaded plugin clock (category:base,tabindex:2)
2025-05-12 10:46:37,532 [INFO] PluginManage:310 - Check plugin ddr
2025-05-12 10:46:37,534 [INFO] PluginManage:359 - Loaded plugin ddr (category:tool,tabindex:6)
2025-05-12 10:46:37,535 [INFO] PluginManage:310 - Check plugin filemanager
2025-05-12 10:46:37,812 [INFO] PluginManage:359 - Loaded plugin filemanager (category:base,tabindex:10)
2025-05-12 10:46:37,813 [INFO] PluginManage:310 - Check plugin ipmanager
2025-05-12 10:46:37,828 [INFO] PluginManage:359 - Loaded plugin ipmanager (category:base,tabindex:5)
2025-05-12 10:46:37,828 [INFO] PluginManage:310 - Check plugin lpbam
2025-05-12 10:46:37,841 [INFO] PluginManage:359 - Loaded plugin lpbam (category:base,tabindex:0)
2025-05-12 10:46:37,841 [INFO] PluginManage:310 - Check plugin memorymap
2025-05-12 10:46:37,857 [INFO] PluginManage:359 - Loaded plugin memorymap (category:base,tabindex:4)
2025-05-12 10:46:37,857 [INFO] PluginManage:310 - Check plugin pinoutandconfiguration
2025-05-12 10:46:37,866 [INFO] PluginManage:359 - Loaded plugin pinoutandconfiguration (category:base,tabindex:1)
2025-05-12 10:46:37,866 [INFO] PluginManage:310 - Check plugin pinoutconfig
2025-05-12 10:46:38,009 [WARN] SupportedApi:132 - Cannot load RTOS API schema: s4s-elt-must-match.1: The content of 'definitions' must match (annotation?, (simpleType | complexType)?, (unique | key | keyref)*)). A problem was found starting at: attribute.
2025-05-12 10:46:38,294 [INFO] PluginManage:359 - Loaded plugin pinoutconfig (category:base,tabindex:0)
2025-05-12 10:46:38,295 [INFO] PluginManage:310 - Check plugin power
2025-05-12 10:46:38,310 [INFO] PluginManage:359 - Loaded plugin power (category:power,tabindex:4)
2025-05-12 10:46:38,310 [INFO] PluginManage:310 - Check plugin projectmanager
2025-05-12 10:46:38,349 [INFO] PluginManage:359 - Loaded plugin projectmanager (category:projectmanager,tabindex:4)
2025-05-12 10:46:38,349 [INFO] PluginManage:310 - Check plugin rif
2025-05-12 10:46:38,357 [INFO] PluginManage:359 - Loaded plugin rif (category:base,tabindex:3)
2025-05-12 10:46:38,357 [INFO] PluginManage:310 - Check plugin thirdparty
2025-05-12 10:46:38,599 [INFO] PluginManage:359 - Loaded plugin thirdparty (category:base,tabindex:-1)
2025-05-12 10:46:38,600 [INFO] PluginManage:310 - Check plugin tools
2025-05-12 10:46:38,599 [WARN] IntegrityCheckThread:84 - waiting for thirdparty lock release [integrity check]
2025-05-12 10:46:38,600 [INFO] IntegrityCheckThread:86 - entering critical section [integrity check]
2025-05-12 10:46:38,602 [INFO] ThirdPartyUpdaterWithRetryManager:70 - Updater plugin not ready yet. [1/15]
2025-05-12 10:46:38,604 [INFO] PluginManage:359 - Loaded plugin tools (category:base,tabindex:7)
2025-05-12 10:46:38,604 [INFO] PluginManage:310 - Check plugin tutovideos
2025-05-12 10:46:38,850 [INFO] PluginManage:359 - Loaded plugin tutovideos (category:base,tabindex:-1)
2025-05-12 10:46:38,850 [INFO] PluginManage:310 - Check plugin updater
2025-05-12 10:46:38,890 [INFO] PluginManage:359 - Loaded plugin updater (category:base,tabindex:12)
2025-05-12 10:46:38,890 [INFO] PluginManage:310 - Check plugin userauth
2025-05-12 10:46:38,897 [INFO] UserAuth:118 - Init User Auth plugin
2025-05-12 10:46:38,898 [INFO] PluginManage:359 - Loaded plugin userauth (category:base,tabindex:14)
2025-05-12 10:46:38,899 [INFO] PluginManage:283 - PluginManage : Loaded plugins [18]
2025-05-12 10:46:39,240 [INFO] PinOutPanel:1589 - setPackage(No Configuration,No Configuration)
2025-05-12 10:46:39,336 [INFO] CADModel:165 - CPN selected for project level
2025-05-12 10:46:39,336 [INFO] CADModel:114 - Register for checkConnection events
2025-05-12 10:46:39,349 [INFO] IPUIPlugin:80 - create IPUIPlugin
2025-05-12 10:46:39,349 [INFO] PluginManager:220 - loadIPPluginJar : add mdma
2025-05-12 10:46:39,356 [INFO] IPUIPlugin:80 - create IPUIPlugin
2025-05-12 10:46:39,357 [INFO] PluginManager:220 - loadIPPluginJar : add freertos
2025-05-12 10:46:39,362 [INFO] IPUIPlugin:80 - create IPUIPlugin
2025-05-12 10:46:39,362 [INFO] PluginManager:220 - loadIPPluginJar : add gic
2025-05-12 10:46:39,371 [INFO] IPUIPlugin:80 - create IPUIPlugin
2025-05-12 10:46:39,371 [INFO] PluginManager:220 - loadIPPluginJar : add adc
2025-05-12 10:46:39,373 [INFO] IPUIPlugin:80 - create IPUIPlugin
2025-05-12 10:46:39,373 [INFO] PluginManager:220 - loadIPPluginJar : add gtzc
2025-05-12 10:46:39,374 [INFO] IPUIPlugin:80 - create IPUIPlugin
2025-05-12 10:46:39,374 [INFO] PluginManager:220 - loadIPPluginJar : add quadspi
2025-05-12 10:46:39,376 [INFO] IPUIPlugin:80 - create IPUIPlugin
2025-05-12 10:46:39,376 [INFO] PluginManager:220 - loadIPPluginJar : add aes
2025-05-12 10:46:39,377 [INFO] IPUIPlugin:80 - create IPUIPlugin
2025-05-12 10:46:39,377 [INFO] PluginManager:220 - loadIPPluginJar : add pdm2pcm
2025-05-12 10:46:39,379 [INFO] IPUIPlugin:80 - create IPUIPlugin
2025-05-12 10:46:39,379 [INFO] PluginManager:220 - loadIPPluginJar : add hash
2025-05-12 10:46:39,380 [INFO] IPUIPlugin:80 - create IPUIPlugin
2025-05-12 10:46:39,380 [INFO] PluginManager:220 - loadIPPluginJar : add tim
2025-05-12 10:46:39,381 [INFO] IPUIPlugin:80 - create IPUIPlugin
2025-05-12 10:46:39,381 [INFO] PluginManager:220 - loadIPPluginJar : add tsc
2025-05-12 10:46:39,383 [INFO] IPUIPlugin:80 - create IPUIPlugin
2025-05-12 10:46:39,383 [INFO] PluginManager:220 - loadIPPluginJar : add extmemmanager
2025-05-12 10:46:39,385 [INFO] IPUIPlugin:80 - create IPUIPlugin
2025-05-12 10:46:39,385 [INFO] PluginManager:220 - loadIPPluginJar : add ts
2025-05-12 10:46:39,387 [INFO] IPUIPlugin:80 - create IPUIPlugin
2025-05-12 10:46:39,388 [INFO] PluginManager:220 - loadIPPluginJar : add radio
2025-05-12 10:46:39,390 [INFO] IPUIPlugin:80 - create IPUIPlugin
2025-05-12 10:46:39,390 [INFO] PluginManager:220 - loadIPPluginJar : add can
2025-05-12 10:46:39,391 [INFO] IPUIPlugin:80 - create IPUIPlugin
2025-05-12 10:46:39,391 [INFO] PluginManager:220 - loadIPPluginJar : add dma3
2025-05-12 10:46:39,393 [INFO] IPUIPlugin:80 - create IPUIPlugin
2025-05-12 10:46:39,393 [INFO] PluginManager:220 - loadIPPluginJar : add dfsdm
2025-05-12 10:46:39,394 [INFO] IPUIPlugin:80 - create IPUIPlugin
2025-05-12 10:46:39,394 [INFO] PluginManager:220 - loadIPPluginJar : add spi
2025-05-12 10:46:39,397 [INFO] IPUIPlugin:80 - create IPUIPlugin
2025-05-12 10:46:39,397 [INFO] PluginManager:220 - loadIPPluginJar : add gfxmmu
2025-05-12 10:46:39,399 [INFO] IPUIPlugin:80 - create IPUIPlugin
2025-05-12 10:46:39,399 [INFO] PluginManager:220 - loadIPPluginJar : add genericplugin
2025-05-12 10:46:39,401 [INFO] IPUIPlugin:80 - create IPUIPlugin
2025-05-12 10:46:39,402 [INFO] PluginManager:220 - loadIPPluginJar : add cryp
2025-05-12 10:46:39,405 [INFO] IPUIPlugin:80 - create IPUIPlugin
2025-05-12 10:46:39,405 [INFO] PluginManager:220 - loadIPPluginJar : add gpio
2025-05-12 10:46:39,408 [INFO] IPUIPlugin:80 - create IPUIPlugin
2025-05-12 10:46:39,408 [INFO] PluginManager:220 - loadIPPluginJar : add ddr_ctrl_phy
2025-05-12 10:46:39,410 [INFO] IPUIPlugin:80 - create IPUIPlugin
2025-05-12 10:46:39,410 [INFO] PluginManager:220 - loadIPPluginJar : add comp
2025-05-12 10:46:39,413 [INFO] IPUIPlugin:80 - create IPUIPlugin
2025-05-12 10:46:39,414 [INFO] PluginManager:220 - loadIPPluginJar : add tracer_emb
2025-05-12 10:46:39,416 [INFO] IPUIPlugin:80 - create IPUIPlugin
2025-05-12 10:46:39,417 [INFO] PluginManager:220 - loadIPPluginJar : add openamp
2025-05-12 10:46:39,421 [INFO] IPUIPlugin:80 - create IPUIPlugin
2025-05-12 10:46:39,421 [INFO] PluginManager:220 - loadIPPluginJar : add stm32_wpan
2025-05-12 10:46:39,426 [INFO] IPUIPlugin:80 - create IPUIPlugin
2025-05-12 10:46:39,429 [INFO] PluginManager:220 - loadIPPluginJar : add plateformsettings
2025-05-12 10:46:39,431 [INFO] IPUIPlugin:80 - create IPUIPlugin
2025-05-12 10:46:39,431 [INFO] PluginManager:220 - loadIPPluginJar : add ipddr
2025-05-12 10:46:39,433 [INFO] IPUIPlugin:80 - create IPUIPlugin
2025-05-12 10:46:39,433 [INFO] PluginManager:220 - loadIPPluginJar : add usart
2025-05-12 10:46:39,435 [INFO] IPUIPlugin:80 - create IPUIPlugin
2025-05-12 10:46:39,436 [INFO] PluginManager:220 - loadIPPluginJar : add ltdc
2025-05-12 10:46:39,439 [INFO] IPUIPlugin:80 - create IPUIPlugin
2025-05-12 10:46:39,439 [INFO] PluginManager:220 - loadIPPluginJar : add nvic
2025-05-12 10:46:39,440 [INFO] IPUIPlugin:80 - create IPUIPlugin
2025-05-12 10:46:39,440 [INFO] PluginManager:220 - loadIPPluginJar : add fatfs
2025-05-12 10:46:39,446 [INFO] IPUIPlugin:80 - create IPUIPlugin
2025-05-12 10:46:39,446 [INFO] PluginManager:220 - loadIPPluginJar : add linkedlist
2025-05-12 10:46:39,452 [INFO] IPUIPlugin:80 - create IPUIPlugin
2025-05-12 10:46:39,452 [INFO] PluginManager:220 - loadIPPluginJar : add dma
2025-05-12 10:46:39,455 [INFO] IPUIPlugin:80 - create IPUIPlugin
2025-05-12 10:46:39,455 [INFO] PluginManager:220 - loadIPPluginJar : add fmc
2025-05-12 10:46:39,456 [INFO] IPUIPlugin:80 - create IPUIPlugin
2025-05-12 10:46:39,456 [INFO] PluginManager:220 - loadIPPluginJar : add i2s
2025-05-12 10:46:39,457 [INFO] IPUIPlugin:80 - create IPUIPlugin
2025-05-12 10:46:39,458 [INFO] PluginManager:220 - loadIPPluginJar : add ucpd
2025-05-12 10:46:39,461 [INFO] IPUIPlugin:80 - create IPUIPlugin
2025-05-12 10:46:39,461 [INFO] PluginManager:220 - loadIPPluginJar : add lorawan
2025-05-12 10:46:39,463 [INFO] IPUIPlugin:80 - create IPUIPlugin
2025-05-12 10:46:39,464 [INFO] PluginManager:220 - loadIPPluginJar : add opamp
2025-05-12 10:46:39,465 [INFO] IPUIPlugin:80 - create IPUIPlugin
2025-05-12 10:46:39,465 [INFO] PluginManager:220 - loadIPPluginJar : add i3c
2025-05-12 10:46:39,468 [INFO] IPUIPlugin:80 - create IPUIPlugin
2025-05-12 10:46:39,468 [INFO] PluginManager:220 - loadIPPluginJar : add touchsensing
2025-05-12 10:46:39,471 [INFO] IPUIPlugin:80 - create IPUIPlugin
2025-05-12 10:46:39,471 [INFO] PluginManager:220 - loadIPPluginJar : add i2c
2025-05-12 10:46:39,475 [INFO] IPUIPlugin:80 - create IPUIPlugin
2025-05-12 10:46:39,475 [INFO] PluginManager:220 - loadIPPluginJar : add resmgrutility
2025-05-12 10:46:39,477 [INFO] IPUIPlugin:80 - create IPUIPlugin
2025-05-12 10:46:39,477 [INFO] PluginManager:220 - loadIPPluginJar : add sai
2025-05-12 10:46:39,479 [INFO] IPUIPlugin:80 - create IPUIPlugin
2025-05-12 10:46:39,479 [INFO] PluginManager:220 - loadIPPluginJar : add usbx
2025-05-12 10:46:39,607 [FATAL] Updater:351 - Updater called before beeing initialized
2025-05-12 10:46:39,683 [INFO] RulesReader:64 - Compatibility file has been processed (302 Rules)
2025-05-12 10:46:39,702 [INFO] RulesReader:64 - Compatibility file has been processed (302 Rules)
2025-05-12 10:46:39,719 [INFO] CADModel:165 - CPN selected for project level
2025-05-12 10:46:39,719 [INFO] CADModel:114 - Register for checkConnection events
2025-05-12 10:46:39,719 [FATAL] Updater:351 - Updater called before beeing initialized
2025-05-12 10:46:39,719 [ERROR] CADModel:125 - Updater not yet initialized, retry later 
2025-05-12 10:46:40,123 [FATAL] Updater:351 - Updater called before beeing initialized
2025-05-12 10:46:40,126 [INFO] CADModel:165 - CPN selected for project level
2025-05-12 10:46:40,126 [INFO] CADModel:114 - Register for checkConnection events
2025-05-12 10:46:40,126 [FATAL] Updater:351 - Updater called before beeing initialized
2025-05-12 10:46:40,126 [ERROR] CADModel:125 - Updater not yet initialized, retry later 
2025-05-12 10:46:40,130 [FATAL] Updater:351 - Updater called before beeing initialized
2025-05-12 10:46:40,357 [FATAL] Updater:351 - Updater called before beeing initialized
2025-05-12 10:46:40,367 [INFO] DbMcusAds:53 - JSON generation date=Wed Sep 29 23:55:09 PDT 2021 (1632984909247)
2025-05-12 10:46:40,367 [FATAL] Updater:351 - Updater called before beeing initialized
2025-05-12 10:46:41,045 [WARN] DetailPanel:346 - Failed to get advertising image, set to default
2025-05-12 10:46:41,453 [FATAL] Updater:351 - Updater called before beeing initialized
2025-05-12 10:46:41,461 [FATAL] Updater:351 - Updater called before beeing initialized
2025-05-12 10:46:41,462 [FATAL] Updater:351 - Updater called before beeing initialized
2025-05-12 10:46:41,464 [WARN] DetailPanel:346 - Failed to get advertising image, set to default
2025-05-12 10:46:41,469 [FATAL] Updater:351 - Updater called before beeing initialized
2025-05-12 10:46:41,566 [ERROR] Updater:1198 - MainUpdater not yet initialized. External WinMGr cannot be set.
2025-05-12 10:46:41,583 [INFO] Updater:1134 - Updater Version found : 6.14.1
2025-05-12 10:46:41,602 [INFO] ApplicationProperties:184 - Using Application install path: /Applications/STM32CubeIDE.app/Contents/Eclipse/plugins/com.st.stm32cube.common.mx_6.14.1.202504091515
2025-05-12 10:46:41,607 [INFO] ThirdPartyUpdaterWithRetryManager:70 - Updater plugin not ready yet. [2/15]
2025-05-12 10:46:41,679 [INFO] MainUpdater:525 - Copy updater definitions from MX database
2025-05-12 10:46:41,992 [INFO] MainUpdater:2872 - connection check result : 10
2025-05-12 10:46:41,992 [INFO] MainUpdater:3566 - Updater definition file requires update
2025-05-12 10:46:41,994 [INFO] MainUpdater:289 - Updater Check For Update Now.
2025-05-12 10:46:41,995 [INFO] MicroXplorer:498 - Change Database Version : DB.6.0.141
2025-05-12 10:46:42,003 [INFO] McuFinderGlobals:63 - Set McuFinder mode to 2 (CubeIDE integrated)
2025-05-12 10:46:42,004 [INFO] UserAuth:484 - Internet connection configuration mode: 1
2025-05-12 10:46:42,020 [INFO] JxBrowserEngine:152 - Initiate JxBrowser Engine with user profile folder
2025-05-12 10:46:42,059 [INFO] ServerAccessManage:473 - Download File updaters.zip
2025-05-12 10:46:42,234 [INFO] FileExtend:242 - Unzip File : updaters.zip
2025-05-12 10:46:42,235 [INFO] FileExtend:257 - Standard Zip Deflate
2025-05-12 10:46:42,592 [INFO] ServerAccessManage:473 - Download File PacksControlFlags.xml
2025-05-12 10:46:43,210 [INFO] ServerAccessManage:473 - Download File cubemx.pidx
2025-05-12 10:46:44,633 [WARN] MainUpdater:1193 - Updater busy. Cannot search thirdparties
2025-05-12 10:46:44,638 [INFO] ThirdPartyUpdaterWithRetryManager:96 - Updater plugin is busy. [1/15]
2025-05-12 10:46:45,059 [INFO] ServerAccessManage:473 - Download File STMicroelectronics.X-CUBE-FREERTOS.pdsc
2025-05-12 10:46:46,396 [INFO] ServerAccessManage:473 - Download File STMicroelectronics.X-CUBE-NFC7.pdsc
2025-05-12 10:46:47,645 [WARN] MainUpdater:1193 - Updater busy. Cannot search thirdparties
2025-05-12 10:46:47,647 [INFO] ThirdPartyUpdaterWithRetryManager:96 - Updater plugin is busy. [2/15]
2025-05-12 10:46:47,878 [INFO] ServerAccessManage:473 - Download File STMicroelectronics.X-CUBE-WB05N.pdsc
2025-05-12 10:46:50,126 [WARN] PackLoader:240 - Cannot read IP mode file for STMicroelectronics.X-CUBE-FREERTOS.1.3.1
2025-05-12 10:46:50,197 [WARN] PackLoader:240 - Cannot read IP mode file for STMicroelectronics.X-CUBE-NFC7.2.0.0
2025-05-12 10:46:50,244 [WARN] PackLoader:240 - Cannot read IP mode file for STMicroelectronics.X-CUBE-WB05N.2.0.0
2025-05-12 10:46:50,279 [INFO] PopulateThirdPartyThread:66 - Ending populate Thread
2025-05-12 10:46:50,296 [INFO] ThirdParty:1030 - CMSIS Pack Vendor :STMicroelectronics X-CUBE-FREERTOS 1.3.1
2025-05-12 10:46:50,296 [INFO] ThirdParty:1030 - CMSIS Pack Vendor :STMicroelectronics X-CUBE-NFC7 2.0.0
2025-05-12 10:46:50,297 [INFO] ThirdParty:1030 - CMSIS Pack Vendor :STMicroelectronics X-CUBE-WB05N 2.0.0
2025-05-12 10:46:50,297 [INFO] LoadServerUpdatesThread:375 - End of LoadServerUpdate Thread
2025-05-12 10:46:50,411 [INFO] CheckServerUpdateThread:120 - End of CheckServer Thread
2025-05-12 10:46:51,006 [WARN] PackLoader:240 - Cannot read IP mode file for STMicroelectronics.FP-SNS-MOTENVWB1.1.4.0
2025-05-12 10:46:51,028 [WARN] PackLoader:240 - Cannot read IP mode file for STMicroelectronics.FP-ATR-ASTRA1.2.0.2
2025-05-12 10:46:51,052 [WARN] PackLoader:240 - Cannot read IP mode file for STMicroelectronics.FP-ATR-ASTRA1.2.0.1
2025-05-12 10:46:51,078 [WARN] PackLoader:240 - Cannot read IP mode file for STMicroelectronics.X-CUBE-SMBUS.2.1.0
2025-05-12 10:46:51,111 [WARN] PackLoader:240 - Cannot read IP mode file for STMicroelectronics.X-CUBE-WB05N.1.1.0
2025-05-12 10:46:51,236 [WARN] PackLoader:240 - Cannot read IP mode file for STMicroelectronics.X-CUBE-AZRTOS-F7.1.1.0
2025-05-12 10:46:51,598 [WARN] PackLoader:240 - Cannot read IP mode file for STMicroelectronics.X-CUBE-MEMS1.11.0.0
2025-05-12 10:46:52,070 [WARN] PackLoader:240 - Cannot read IP mode file for STMicroelectronics.FP-SNS-FLIGHT1.5.0.2
2025-05-12 10:46:52,159 [WARN] PackLoader:240 - Cannot read IP mode file for STMicroelectronics.X-CUBE-DISPLAY.3.0.0
2025-05-12 10:46:52,187 [WARN] PackLoader:240 - Cannot read IP mode file for STMicroelectronics.X-CUBE-BLE1.7.0.0
2025-05-12 10:46:52,213 [WARN] PackLoader:240 - Cannot read IP mode file for STMicroelectronics.X-CUBE-NFC10.1.0.0
2025-05-12 10:46:52,248 [WARN] PackLoader:240 - Cannot read IP mode file for STMicroelectronics.X-CUBE-BLEMGR.4.0.0
2025-05-12 10:46:52,273 [WARN] PackLoader:240 - Cannot read IP mode file for emotas.I-CUBE-CANOPEN.1.3.0
2025-05-12 10:46:52,332 [WARN] PackLoader:240 - Cannot read IP mode file for STMicroelectronics.X-CUBE-BLEMGR.3.1.0
2025-05-12 10:46:52,349 [WARN] PackLoader:240 - Cannot read IP mode file for STMicroelectronics.X-CUBE-AI.10.0.0
2025-05-12 10:46:52,356 [WARN] PackLoader:240 - Cannot read IP mode file for STMicroelectronics.FP-SNS-SMARTAG2.1.2.0
2025-05-12 10:46:52,362 [WARN] PackLoader:240 - Cannot read IP mode file for STMicroelectronics.FP-SNS-FLIGHT1.5.1.0
2025-05-12 10:46:52,551 [WARN] PackLoader:240 - Cannot read IP mode file for STMicroelectronics.X-CUBE-MEMS1.11.1.0
2025-05-12 10:46:52,824 [INFO] LogOutputStream:77 - [STDOUT_REDIRECT] 1 : Invalid condition id : UX_CORESTACK_Condition cause : null
2025-05-12 10:46:52,831 [INFO] LogOutputStream:77 - [STDOUT_REDIRECT] 1 : Invalid condition id : UX_CORESTACK_Condition cause : null
2025-05-12 10:46:52,832 [INFO] LogOutputStream:77 - [STDOUT_REDIRECT] 1 : Invalid condition id : UX_CORESTACK_Condition cause : null
2025-05-12 10:46:52,832 [INFO] LogOutputStream:77 - [STDOUT_REDIRECT] 1 : Invalid condition id : UX_CORESTACK_Condition cause : null
2025-05-12 10:46:52,832 [INFO] LogOutputStream:77 - [STDOUT_REDIRECT] 1 : Invalid condition id : UX_CORESTACK_Condition cause : null
2025-05-12 10:46:52,852 [WARN] PackLoader:240 - Cannot read IP mode file for STMicroelectronics.X-CUBE-AZRTOS-WL.2.0.0
2025-05-12 10:46:52,881 [WARN] PackLoader:240 - Cannot read IP mode file for STMicroelectronics.FP-SNS-MOTENV1.5.0.0
2025-05-12 10:46:52,901 [WARN] PackLoader:240 - Cannot read IP mode file for wolfSSL.I-CUBE-wolfMQTT.1.19.0
2025-05-12 10:46:52,923 [WARN] PackLoader:240 - Cannot read IP mode file for WES.I-CUBE-Cesium.1.3.0
2025-05-12 10:46:52,952 [WARN] PackLoader:240 - Cannot read IP mode file for STMicroelectronics.X-CUBE-BLE2.3.3.0
2025-05-12 10:46:52,980 [WARN] PackLoader:240 - Cannot read IP mode file for STMicroelectronics.X-CUBE-NFC9.1.0.0
2025-05-12 10:46:53,003 [WARN] PackLoader:240 - Cannot read IP mode file for STMicroelectronics.X-CUBE-BLE1.7.1.0
2025-05-12 10:46:53,024 [WARN] PackLoader:240 - Cannot read IP mode file for STMicroelectronics.X-CUBE-TCPP.4.1.0
2025-05-12 10:46:53,213 [WARN] PackLoader:240 - Cannot read IP mode file for STMicroelectronics.X-CUBE-MEMS1.11.2.0
2025-05-12 10:46:53,541 [WARN] PackLoader:240 - Cannot read IP mode file for STMicroelectronics.X-CUBE-AZRTOS-G0.1.1.0
2025-05-12 10:46:53,582 [WARN] PackLoader:240 - Cannot read IP mode file for STMicroelectronics.X-CUBE-SAFEA1.1.2.2
2025-05-12 10:46:53,600 [WARN] PackLoader:240 - Cannot read IP mode file for STMicroelectronics.X-CUBE-NFC4.3.0.0
2025-05-12 10:46:53,627 [WARN] PackLoader:240 - Cannot read IP mode file for EmbeddedOffice.I-CUBE-FS-RTOS.1.0.1
2025-05-12 10:46:53,641 [WARN] PackLoader:240 - Cannot read IP mode file for STMicroelectronics.X-CUBE-WB05N.2.0.0
2025-05-12 10:46:53,664 [WARN] PackLoader:240 - Cannot read IP mode file for STMicroelectronics.X-CUBE-TCPP.4.2.0
2025-05-12 10:46:53,673 [WARN] PackLoader:240 - Cannot read IP mode file for RealThread.X-CUBE-RT-Thread_Nano.4.1.1
2025-05-12 10:46:53,682 [WARN] PackLoader:240 - Cannot read IP mode file for STMicroelectronics.FP-ATR-SIGFOX1.3.2.0
2025-05-12 10:46:53,691 [WARN] PackLoader:240 - Cannot read IP mode file for wolfSSL.I-CUBE-wolfSSL.5.7.2
2025-05-12 10:46:53,698 [WARN] ConditionMgr:438 - getConditionDescription Invalid condition id : Cortex-A Device cause : null
2025-05-12 10:46:53,741 [WARN] ConditionMgr:1044 - genDependencies : Invalid condition id : Cortex-A Device cause : null
2025-05-12 10:46:53,742 [WARN] ConditionMgr:1044 - genDependencies : Invalid condition id : Cortex-A Device cause : null
2025-05-12 10:46:53,742 [WARN] ConditionMgr:1044 - genDependencies : Invalid condition id : Cortex-A Device cause : null
2025-05-12 10:46:53,765 [WARN] PackLoader:240 - Cannot read IP mode file for STMicroelectronics.X-CUBE-EEPRMA1.5.1.0
2025-05-12 10:46:53,804 [WARN] PackLoader:240 - Cannot read IP mode file for ITTIA_DB.I-CUBE-ITTIADB.8.9.0
2025-05-12 10:46:53,909 [WARN] PackLoader:240 - Cannot read IP mode file for SEGGER.I-CUBE-embOS.1.3.1
2025-05-12 10:46:54,002 [WARN] PackLoader:240 - Cannot read IP mode file for STMicroelectronics.X-CUBE-ALGOBUILD.1.4.0
2025-05-12 10:46:54,018 [WARN] PackLoader:240 - Cannot read IP mode file for STMicroelectronics.X-CUBE-AI.9.1.0
2025-05-12 10:46:54,080 [WARN] PackLoader:240 - Cannot read IP mode file for STMicroelectronics.X-CUBE-AZRTOS-F4.1.1.0
2025-05-12 10:46:54,101 [WARN] PackLoader:240 - Cannot read IP mode file for Avnet-IotConnect.X-CUBE-IoTC-DA16k-PMOD.1.0.0
2025-05-12 10:46:54,113 [WARN] PackLoader:240 - Cannot read IP mode file for STMicroelectronics.X-CUBE-ISPU.2.1.0
2025-05-12 10:46:54,131 [WARN] PackLoader:240 - Cannot read IP mode file for STMicroelectronics.X-CUBE-FREERTOS.1.2.0
2025-05-12 10:46:54,181 [WARN] PackLoader:240 - Cannot read IP mode file for STMicroelectronics.X-CUBE-AZRTOS-L5.2.0.0
2025-05-12 10:46:54,227 [WARN] PackLoader:240 - Cannot read IP mode file for STMicroelectronics.X-CUBE-NFC6.3.1.0
2025-05-12 10:46:54,249 [WARN] PackLoader:240 - Cannot read IP mode file for STMicroelectronics.X-CUBE-DPower.1.2.0
2025-05-12 10:46:54,258 [WARN] PackLoader:240 - Cannot read IP mode file for STMicroelectronics.X-CUBE-AI.9.0.0
2025-05-12 10:46:54,271 [WARN] PackLoader:240 - Cannot read IP mode file for STMicroelectronics.X-CUBE-FREERTOS.1.3.1
2025-05-12 10:46:54,278 [WARN] PackLoader:240 - Cannot read IP mode file for STMicroelectronics.X-CUBE-FREERTOS.1.3.0
2025-05-12 10:46:54,287 [WARN] PackLoader:240 - Cannot read IP mode file for STMicroelectronics.X-CUBE-NFC7.1.0.1
2025-05-12 10:46:54,304 [WARN] PackLoader:240 - Cannot read IP mode file for STMicroelectronics.X-CUBE-DPower.1.3.0
2025-05-12 10:46:54,345 [WARN] ConditionMgr:438 - getConditionDescription Invalid condition id : LAN8742 Phy interface Condition cause : null
2025-05-12 10:46:54,347 [WARN] PackLoader:240 - Cannot read IP mode file for STMicroelectronics.X-CUBE-AZRTOS-L4.2.0.0
2025-05-12 10:46:54,353 [WARN] ConditionMgr:1044 - genDependencies : Invalid condition id : LAN8742 Phy interface Condition cause : null
2025-05-12 10:46:54,354 [WARN] ConditionMgr:1044 - genDependencies : Invalid condition id : LAN8742 Phy interface Condition cause : null
2025-05-12 10:46:54,356 [WARN] ConditionMgr:1044 - genDependencies : Invalid condition id : LAN8742 Phy interface Condition cause : null
2025-05-12 10:46:54,369 [WARN] PackLoader:240 - Cannot read IP mode file for STMicroelectronics.X-CUBE-SFXS2LP1.4.0.0
2025-05-12 10:46:54,429 [WARN] PackLoader:240 - Cannot read IP mode file for STMicroelectronics.X-CUBE-AZRTOS-H7.3.3.0
2025-05-12 10:46:54,592 [WARN] PackLoader:240 - Cannot read IP mode file for STMicroelectronics.X-CUBE-IPS.3.0.0
2025-05-12 10:46:54,630 [WARN] ConditionMgr:438 - getConditionDescription Invalid condition id : UX DEVICE CLASS RTOS Condition cause : null
2025-05-12 10:46:54,630 [WARN] ConditionMgr:438 - getConditionDescription Invalid condition id : UX DEVICE CLASS RTOS Condition cause : null
2025-05-12 10:46:54,637 [WARN] PackLoader:240 - Cannot read IP mode file for STMicroelectronics.X-CUBE-AZRTOS-WB.2.0.0
2025-05-12 10:46:54,639 [WARN] ConditionMgr:1044 - genDependencies : Invalid condition id : UX DEVICE CLASS RTOS Condition cause : null
2025-05-12 10:46:54,639 [WARN] ConditionMgr:1044 - genDependencies : Invalid condition id : UX DEVICE CLASS RTOS Condition cause : null
2025-05-12 10:46:54,640 [WARN] ConditionMgr:1044 - genDependencies : Invalid condition id : UX DEVICE CLASS RTOS Condition cause : null
2025-05-12 10:46:54,641 [WARN] ConditionMgr:1044 - genDependencies : Invalid condition id : UX DEVICE CLASS RTOS Condition cause : null
2025-05-12 10:46:54,641 [WARN] ConditionMgr:1044 - genDependencies : Invalid condition id : UX DEVICE CLASS RTOS Condition cause : null
2025-05-12 10:46:54,655 [WARN] PackLoader:240 - Cannot read IP mode file for STMicroelectronics.X-CUBE-GNSS1.7.0.0
2025-05-12 10:46:54,668 [WARN] PackLoader:240 - Cannot read IP mode file for STMicroelectronics.X-CUBE-GNSS1.7.0.1
2025-05-12 10:46:54,676 [WARN] PackLoader:240 - Cannot read IP mode file for STMicroelectronics.X-CUBE-TOUCHGFX.4.25.0
2025-05-12 10:46:54,691 [WARN] PackLoader:240 - Cannot read IP mode file for STMicroelectronics.FP-SNS-STBOX1.2.0.0
2025-05-12 10:46:54,716 [WARN] PackLoader:240 - Cannot read IP mode file for STMicroelectronics.X-CUBE-SUBG2.5.0.0
2025-05-12 10:46:54,784 [WARN] PackLoader:240 - Cannot read IP mode file for STMicroelectronics.X-CUBE-AZRTOS-H7RS.1.1.0
2025-05-12 10:46:54,815 [WARN] PackLoader:240 - Cannot read IP mode file for Cesanta.I-CUBE-Mongoose.7.13.0
2025-05-12 10:46:54,858 [WARN] PackLoader:240 - Cannot read IP mode file for STMicroelectronics.X-CUBE-AZRTOS-G4.2.0.0
2025-05-12 10:46:54,876 [WARN] PackLoader:240 - Cannot read IP mode file for STMicroelectronics.X-CUBE-NFC7.2.0.0
2025-05-12 10:46:54,920 [WARN] PackLoader:240 - Cannot read IP mode file for STMicroelectronics.X-CUBE-IPS.3.1.0
2025-05-12 10:46:54,967 [WARN] PackLoader:240 - Cannot read IP mode file for STMicroelectronics.X-CUBE-ALS.1.0.2
2025-05-12 10:46:55,047 [WARN] PackLoader:240 - Cannot read IP mode file for STMicroelectronics.X-CUBE-TOUCHGFX.4.24.2
2025-05-12 10:46:55,064 [WARN] PackLoader:240 - Cannot read IP mode file for STMicroelectronics.X-CUBE-TOUCHGFX.4.24.1
2025-05-12 10:46:55,081 [WARN] PackLoader:240 - Cannot read IP mode file for wolfSSL.I-CUBE-wolfTPM.3.4.0
2025-05-12 10:46:55,119 [WARN] PackLoader:240 - Cannot read IP mode file for portGmbH.I-Cube-SoM-uGOAL.1.1.0
2025-05-12 10:46:55,195 [WARN] PackLoader:240 - Cannot read IP mode file for STMicroelectronics.X-CUBE-AZRTOS-H7RS.1.0.0
2025-05-12 10:46:55,216 [WARN] PackLoader:240 - Cannot read IP mode file for STMicroelectronics.FP-ATR-ASTRA1.2.0.0
2025-05-12 10:46:55,257 [WARN] PackLoader:240 - Cannot read IP mode file for STMicroelectronics.X-CUBE-TOF1.3.4.2
2025-05-12 10:46:55,319 [WARN] PackLoader:240 - Cannot read IP mode file for STMicroelectronics.X-CUBE-TOF1.3.4.3
2025-05-12 10:46:55,451 [WARN] PackLoader:240 - Cannot read IP mode file for Infineon.AIROC-Wi-Fi-Bluetooth-STM32.1.6.1
2025-05-12 10:46:55,515 [WARN] PackLoader:240 - Cannot read IP mode file for wolfSSL.I-CUBE-wolfSSH.1.4.17
2025-05-12 10:46:55,517 [INFO] ThirdParty:978 - Integrity check success = true
2025-05-12 10:46:55,517 [INFO] IntegrityCheckThread:100 - exiting critical section [integrity check]
2025-05-12 10:46:55,517 [INFO] IntegrityCheckThread:103 - End integrity checks thread
