2024-12-11 12:59:36,363 [INFO] Activator:176 - 


2024-12-11 12:59:36,372 [INFO] Activator:177 - !SESSION log4j initialized
2024-12-11 12:59:48,240 [ERROR] LogOutputStream:75 - [STDERR_REDIRECT] 
2024-12-11 12:59:50,184 [INFO] LogOutputStream:77 - [STDOUT_REDIRECT] 
2024-12-11 12:59:52,617 [INFO] LogOutputStream:77 - [STDOUT_REDIRECT] 
2024-12-11 12:59:55,680 [INFO] ApplicationProperties:184 - Using Application install path: /Applications/STM32CubeIDE.app/Contents/Eclipse/plugins/com.st.stm32cube.common.mx_6.12.1.202409122256
2024-12-11 12:59:55,699 [INFO] DbMcusXml:78 - Set database path to: /Applications/STM32CubeIDE.app/Contents/Eclipse/plugins/com.st.stm32cube.common.mx_6.12.1.202409122256//db//mcu/
2024-12-11 12:59:55,699 [INFO] ApiDb:274 - Set plugin database path to: /Applications/STM32CubeIDE.app/Contents/Eclipse/plugins/com.st.stm32cube.common.mx_6.12.1.202409122256//db//plugins/boardmanager/
2024-12-11 12:59:55,700 [WARN] ApiDb:259 - Overriding images path with different value:  => /Applications/STM32CubeIDE.app/Contents/Eclipse/plugins/com.st.stm32cube.common.mx_6.12.1.202409122256//db//plugins/mcufinder/images/
2024-12-11 12:59:55,713 [INFO] ApiDb:250 - Set database path to: /Users/enrique/.stmcufinder/plugins/mcufinder//mcu/
2024-12-11 12:59:55,714 [INFO] DbMcusAds:125 - Set database path to: /Users/enrique/.stmcufinder/plugins/mcufinder//mcu/
2024-12-11 12:59:55,716 [INFO] CrossReferenceDbSqlite:203 - Set database path to: /Users/enrique/.stmcufinder/plugins/mcufinder//mcu/cs/
2024-12-11 12:59:55,891 [INFO] RulesReader:64 - Compatibility file has been processed (297 Rules)
2024-12-11 12:59:55,998 [INFO] DbMcusXml:78 - Set database path to: /Applications/STM32CubeIDE.app/Contents/Eclipse/plugins/com.st.stm32cube.common.mx_6.12.1.202409122256//db//mcu/
2024-12-11 12:59:55,998 [INFO] ApiDb:274 - Set plugin database path to: /Applications/STM32CubeIDE.app/Contents/Eclipse/plugins/com.st.stm32cube.common.mx_6.12.1.202409122256//db//plugins/boardmanager/
2024-12-11 12:59:55,998 [INFO] ApiDb:261 - Set plugin images path to: /Applications/STM32CubeIDE.app/Contents/Eclipse/plugins/com.st.stm32cube.common.mx_6.12.1.202409122256//db//plugins/mcufinder/images/
2024-12-11 12:59:55,999 [WARN] DbFile:41 - Overriding database path with different value: /Users/enrique/.stmcufinder/plugins/mcufinder/ => /Users/enrique/.stmcufinder/plugins/mcufinder
2024-12-11 12:59:55,999 [INFO] ApiDb:250 - Set database path to: /Users/enrique/.stmcufinder/plugins/mcufinder//mcu/
2024-12-11 12:59:56,000 [WARN] DbFile:41 - Overriding database path with different value: /Users/enrique/.stmcufinder/plugins/mcufinder/ => /Users/enrique/.stmcufinder/plugins/mcufinder
2024-12-11 12:59:56,000 [INFO] DbMcusAds:125 - Set database path to: /Users/enrique/.stmcufinder/plugins/mcufinder//mcu/
2024-12-11 12:59:56,000 [WARN] DbFile:41 - Overriding database path with different value: /Users/enrique/.stmcufinder/plugins/mcufinder/ => /Users/enrique/.stmcufinder/plugins/mcufinder
2024-12-11 12:59:56,000 [WARN] DbFile:41 - Overriding database path with different value: /Users/enrique/.stmcufinder/plugins/mcufinder/ => /Users/enrique/.stmcufinder/plugins/mcufinder
2024-12-11 12:59:56,000 [INFO] CrossReferenceDbSqlite:203 - Set database path to: /Users/enrique/.stmcufinder/plugins/mcufinder//mcu/cs/
2024-12-11 12:59:56,188 [INFO] MainPanel:268 - HeapMemory: 268435456
2024-12-11 12:59:58,030 [INFO] DbMcusXml:78 - Set database path to: /Applications/STM32CubeIDE.app/Contents/Eclipse/plugins/com.st.stm32cube.common.mx_6.12.1.202409122256//db//mcu/
2024-12-11 12:59:58,031 [INFO] ApiDb:274 - Set plugin database path to: /Applications/STM32CubeIDE.app/Contents/Eclipse/plugins/com.st.stm32cube.common.mx_6.12.1.202409122256//db//plugins/boardmanager/
2024-12-11 12:59:58,032 [INFO] ApiDb:261 - Set plugin images path to: /Applications/STM32CubeIDE.app/Contents/Eclipse/plugins/com.st.stm32cube.common.mx_6.12.1.202409122256//db//plugins/mcufinder/images/
2024-12-11 12:59:58,033 [WARN] DbFile:41 - Overriding database path with different value: /Users/enrique/.stmcufinder/plugins/mcufinder/ => /Users/enrique/.stmcufinder/plugins/mcufinder
2024-12-11 12:59:58,033 [INFO] ApiDb:250 - Set database path to: /Users/enrique/.stmcufinder/plugins/mcufinder//mcu/
2024-12-11 12:59:58,034 [WARN] DbFile:41 - Overriding database path with different value: /Users/enrique/.stmcufinder/plugins/mcufinder/ => /Users/enrique/.stmcufinder/plugins/mcufinder
2024-12-11 12:59:58,034 [INFO] DbMcusAds:125 - Set database path to: /Users/enrique/.stmcufinder/plugins/mcufinder//mcu/
2024-12-11 12:59:58,034 [WARN] DbFile:41 - Overriding database path with different value: /Users/enrique/.stmcufinder/plugins/mcufinder/ => /Users/enrique/.stmcufinder/plugins/mcufinder
2024-12-11 12:59:58,034 [WARN] DbFile:41 - Overriding database path with different value: /Users/enrique/.stmcufinder/plugins/mcufinder/ => /Users/enrique/.stmcufinder/plugins/mcufinder
2024-12-11 12:59:58,035 [INFO] CrossReferenceDbSqlite:203 - Set database path to: /Users/enrique/.stmcufinder/plugins/mcufinder//mcu/cs/
2024-12-11 12:59:58,073 [INFO] ApplicationProperties:184 - Using Application install path: /Applications/STM32CubeIDE.app/Contents/Eclipse/plugins/com.st.stm32cube.common.mx_6.12.1.202409122256
2024-12-11 12:59:58,074 [INFO] PluginManage:196 - Search for loadable plugins [exclusion list=, ]
2024-12-11 12:59:58,078 [INFO] PluginManage:310 - Check plugin analytics
2024-12-11 12:59:58,706 [INFO] AnalyticsPlugin:253 - Accepted Software Licenses: 
2024-12-11 12:59:58,708 [INFO] AnalyticsPlugin:255 - Accepted CMSIS Pack Licenses: 
2024-12-11 12:59:58,709 [INFO] AnalyticsPlugin:257 - Accepted Firmware Licenses: FW.G4.1.6.0
2024-12-11 12:59:58,838 [INFO] PluginManage:359 - Loaded plugin analytics (category:tool,tabindex:-1)
2024-12-11 12:59:58,841 [INFO] PluginManage:310 - Check plugin cadmodel
2024-12-11 12:59:58,894 [INFO] CADModel:105 - Init CAD model plugin
2024-12-11 12:59:58,895 [INFO] PluginManage:359 - Loaded plugin cadmodel (category:power,tabindex:5)
2024-12-11 12:59:58,898 [INFO] PluginManage:310 - Check plugin clock
2024-12-11 12:59:59,079 [INFO] PluginManage:359 - Loaded plugin clock (category:base,tabindex:2)
2024-12-11 12:59:59,083 [INFO] PluginManage:310 - Check plugin ddr
2024-12-11 12:59:59,093 [INFO] PluginManage:359 - Loaded plugin ddr (category:tool,tabindex:6)
2024-12-11 12:59:59,095 [INFO] PluginManage:310 - Check plugin filemanager
2024-12-11 12:59:59,660 [INFO] PluginManage:359 - Loaded plugin filemanager (category:base,tabindex:10)
2024-12-11 12:59:59,661 [INFO] PluginManage:310 - Check plugin ipmanager
2024-12-11 12:59:59,674 [INFO] PluginManage:359 - Loaded plugin ipmanager (category:base,tabindex:5)
2024-12-11 12:59:59,675 [INFO] PluginManage:310 - Check plugin lpbam
2024-12-11 12:59:59,691 [INFO] PluginManage:359 - Loaded plugin lpbam (category:base,tabindex:0)
2024-12-11 12:59:59,691 [INFO] PluginManage:310 - Check plugin memorymap
2024-12-11 12:59:59,708 [INFO] PluginManage:359 - Loaded plugin memorymap (category:base,tabindex:4)
2024-12-11 12:59:59,709 [INFO] PluginManage:310 - Check plugin pinoutandconfiguration
2024-12-11 12:59:59,718 [INFO] PluginManage:359 - Loaded plugin pinoutandconfiguration (category:base,tabindex:1)
2024-12-11 12:59:59,718 [INFO] PluginManage:310 - Check plugin pinoutconfig
2024-12-11 12:59:59,836 [WARN] SupportedApi:132 - Cannot load RTOS API schema: s4s-elt-must-match.1: The content of 'definitions' must match (annotation?, (simpleType | complexType)?, (unique | key | keyref)*)). A problem was found starting at: attribute.
2024-12-11 13:00:00,422 [INFO] PluginManage:359 - Loaded plugin pinoutconfig (category:base,tabindex:0)
2024-12-11 13:00:00,461 [INFO] PluginManage:310 - Check plugin power
2024-12-11 13:00:00,516 [INFO] PluginManage:359 - Loaded plugin power (category:power,tabindex:4)
2024-12-11 13:00:00,518 [INFO] PluginManage:310 - Check plugin projectmanager
2024-12-11 13:00:00,686 [INFO] PluginManage:359 - Loaded plugin projectmanager (category:projectmanager,tabindex:4)
2024-12-11 13:00:00,687 [INFO] PluginManage:310 - Check plugin rif
2024-12-11 13:00:00,704 [INFO] PluginManage:359 - Loaded plugin rif (category:base,tabindex:3)
2024-12-11 13:00:00,706 [INFO] PluginManage:310 - Check plugin thirdparty
2024-12-11 13:00:01,379 [INFO] PluginManage:359 - Loaded plugin thirdparty (category:base,tabindex:-1)
2024-12-11 13:00:01,381 [INFO] PluginManage:310 - Check plugin tools
2024-12-11 13:00:01,379 [WARN] IntegrityCheckThread:84 - waiting for thirdparty lock release [integrity check]
2024-12-11 13:00:01,384 [INFO] IntegrityCheckThread:86 - entering critical section [integrity check]
2024-12-11 13:00:01,385 [INFO] ThirdPartyUpdaterWithRetryManager:70 - Updater plugin not ready yet. [1/15]
2024-12-11 13:00:01,391 [INFO] PluginManage:359 - Loaded plugin tools (category:base,tabindex:7)
2024-12-11 13:00:01,391 [INFO] PluginManage:310 - Check plugin tutovideos
2024-12-11 13:00:02,015 [INFO] PluginManage:359 - Loaded plugin tutovideos (category:base,tabindex:-1)
2024-12-11 13:00:02,017 [INFO] PluginManage:310 - Check plugin updater
2024-12-11 13:00:02,152 [INFO] PluginManage:359 - Loaded plugin updater (category:base,tabindex:12)
2024-12-11 13:00:02,155 [INFO] PluginManage:310 - Check plugin userauth
2024-12-11 13:00:02,291 [INFO] UserAuth:113 - Init User Auth plugin
2024-12-11 13:00:02,299 [INFO] PluginManage:359 - Loaded plugin userauth (category:base,tabindex:14)
2024-12-11 13:00:02,349 [INFO] PluginManage:283 - PluginManage : Loaded plugins [18]
2024-12-11 13:00:03,524 [ERROR] LogOutputStream:75 - [STDERR_REDIRECT] [Fatal Error] :2:10: DOCTYPE is disallowed when the feature "http://apache.org/xml/features/disallow-doctype-decl" set to true.
2024-12-11 13:00:03,536 [ERROR] LogOutputStream:75 - [STDERR_REDIRECT] 
2024-12-11 13:00:03,641 [INFO] PinOutPanel:1561 - setPackage(No Configuration,No Configuration)
2024-12-11 13:00:03,844 [INFO] CADModel:165 - CPN selected for project level
2024-12-11 13:00:03,845 [INFO] CADModel:114 - Register for checkConnection events
2024-12-11 13:00:03,872 [INFO] IPUIPlugin:80 - create IPUIPlugin
2024-12-11 13:00:03,872 [INFO] PluginManager:220 - loadIPPluginJar : add mdma
2024-12-11 13:00:03,882 [INFO] IPUIPlugin:80 - create IPUIPlugin
2024-12-11 13:00:03,882 [INFO] PluginManager:220 - loadIPPluginJar : add freertos
2024-12-11 13:00:03,888 [INFO] IPUIPlugin:80 - create IPUIPlugin
2024-12-11 13:00:03,889 [INFO] PluginManager:220 - loadIPPluginJar : add gic
2024-12-11 13:00:03,900 [INFO] IPUIPlugin:80 - create IPUIPlugin
2024-12-11 13:00:03,900 [INFO] PluginManager:220 - loadIPPluginJar : add adc
2024-12-11 13:00:03,903 [INFO] IPUIPlugin:80 - create IPUIPlugin
2024-12-11 13:00:03,903 [INFO] PluginManager:220 - loadIPPluginJar : add gtzc
2024-12-11 13:00:03,904 [INFO] IPUIPlugin:80 - create IPUIPlugin
2024-12-11 13:00:03,905 [INFO] PluginManager:220 - loadIPPluginJar : add quadspi
2024-12-11 13:00:03,908 [INFO] IPUIPlugin:80 - create IPUIPlugin
2024-12-11 13:00:03,908 [INFO] PluginManager:220 - loadIPPluginJar : add aes
2024-12-11 13:00:03,911 [INFO] IPUIPlugin:80 - create IPUIPlugin
2024-12-11 13:00:03,911 [INFO] PluginManager:220 - loadIPPluginJar : add pdm2pcm
2024-12-11 13:00:03,914 [INFO] IPUIPlugin:80 - create IPUIPlugin
2024-12-11 13:00:03,914 [INFO] PluginManager:220 - loadIPPluginJar : add hash
2024-12-11 13:00:03,916 [INFO] IPUIPlugin:80 - create IPUIPlugin
2024-12-11 13:00:03,916 [INFO] PluginManager:220 - loadIPPluginJar : add tim
2024-12-11 13:00:03,918 [INFO] IPUIPlugin:80 - create IPUIPlugin
2024-12-11 13:00:03,918 [INFO] PluginManager:220 - loadIPPluginJar : add tsc
2024-12-11 13:00:03,924 [INFO] IPUIPlugin:80 - create IPUIPlugin
2024-12-11 13:00:03,924 [INFO] PluginManager:220 - loadIPPluginJar : add extmemmanager
2024-12-11 13:00:03,926 [INFO] IPUIPlugin:80 - create IPUIPlugin
2024-12-11 13:00:03,926 [INFO] PluginManager:220 - loadIPPluginJar : add ts
2024-12-11 13:00:03,928 [INFO] IPUIPlugin:80 - create IPUIPlugin
2024-12-11 13:00:03,929 [INFO] PluginManager:220 - loadIPPluginJar : add radio
2024-12-11 13:00:03,932 [INFO] IPUIPlugin:80 - create IPUIPlugin
2024-12-11 13:00:03,932 [INFO] PluginManager:220 - loadIPPluginJar : add can
2024-12-11 13:00:03,935 [INFO] IPUIPlugin:80 - create IPUIPlugin
2024-12-11 13:00:03,935 [INFO] PluginManager:220 - loadIPPluginJar : add dma3
2024-12-11 13:00:03,937 [INFO] IPUIPlugin:80 - create IPUIPlugin
2024-12-11 13:00:03,938 [INFO] PluginManager:220 - loadIPPluginJar : add dfsdm
2024-12-11 13:00:03,939 [INFO] IPUIPlugin:80 - create IPUIPlugin
2024-12-11 13:00:03,940 [INFO] PluginManager:220 - loadIPPluginJar : add spi
2024-12-11 13:00:03,943 [INFO] IPUIPlugin:80 - create IPUIPlugin
2024-12-11 13:00:03,943 [INFO] PluginManager:220 - loadIPPluginJar : add gfxmmu
2024-12-11 13:00:03,945 [INFO] IPUIPlugin:80 - create IPUIPlugin
2024-12-11 13:00:03,945 [INFO] PluginManager:220 - loadIPPluginJar : add genericplugin
2024-12-11 13:00:03,948 [INFO] IPUIPlugin:80 - create IPUIPlugin
2024-12-11 13:00:03,948 [INFO] PluginManager:220 - loadIPPluginJar : add cryp
2024-12-11 13:00:03,951 [INFO] IPUIPlugin:80 - create IPUIPlugin
2024-12-11 13:00:03,951 [INFO] PluginManager:220 - loadIPPluginJar : add gpio
2024-12-11 13:00:03,954 [INFO] IPUIPlugin:80 - create IPUIPlugin
2024-12-11 13:00:03,954 [INFO] PluginManager:220 - loadIPPluginJar : add ddr_ctrl_phy
2024-12-11 13:00:03,956 [INFO] IPUIPlugin:80 - create IPUIPlugin
2024-12-11 13:00:03,956 [INFO] PluginManager:220 - loadIPPluginJar : add comp
2024-12-11 13:00:03,960 [INFO] IPUIPlugin:80 - create IPUIPlugin
2024-12-11 13:00:03,961 [INFO] PluginManager:220 - loadIPPluginJar : add tracer_emb
2024-12-11 13:00:03,963 [INFO] IPUIPlugin:80 - create IPUIPlugin
2024-12-11 13:00:03,963 [INFO] PluginManager:220 - loadIPPluginJar : add openamp
2024-12-11 13:00:03,967 [INFO] IPUIPlugin:80 - create IPUIPlugin
2024-12-11 13:00:03,967 [INFO] PluginManager:220 - loadIPPluginJar : add stm32_wpan
2024-12-11 13:00:03,971 [INFO] IPUIPlugin:80 - create IPUIPlugin
2024-12-11 13:00:03,976 [INFO] PluginManager:220 - loadIPPluginJar : add plateformsettings
2024-12-11 13:00:03,979 [INFO] IPUIPlugin:80 - create IPUIPlugin
2024-12-11 13:00:03,979 [INFO] PluginManager:220 - loadIPPluginJar : add ipddr
2024-12-11 13:00:03,981 [INFO] IPUIPlugin:80 - create IPUIPlugin
2024-12-11 13:00:03,981 [INFO] PluginManager:220 - loadIPPluginJar : add usart
2024-12-11 13:00:03,982 [INFO] IPUIPlugin:80 - create IPUIPlugin
2024-12-11 13:00:03,982 [INFO] PluginManager:220 - loadIPPluginJar : add ltdc
2024-12-11 13:00:03,984 [INFO] IPUIPlugin:80 - create IPUIPlugin
2024-12-11 13:00:03,985 [INFO] PluginManager:220 - loadIPPluginJar : add nvic
2024-12-11 13:00:03,986 [INFO] IPUIPlugin:80 - create IPUIPlugin
2024-12-11 13:00:03,986 [INFO] PluginManager:220 - loadIPPluginJar : add fatfs
2024-12-11 13:00:03,992 [INFO] IPUIPlugin:80 - create IPUIPlugin
2024-12-11 13:00:03,992 [INFO] PluginManager:220 - loadIPPluginJar : add linkedlist
2024-12-11 13:00:03,996 [INFO] IPUIPlugin:80 - create IPUIPlugin
2024-12-11 13:00:03,997 [INFO] PluginManager:220 - loadIPPluginJar : add dma
2024-12-11 13:00:04,000 [INFO] IPUIPlugin:80 - create IPUIPlugin
2024-12-11 13:00:04,000 [INFO] PluginManager:220 - loadIPPluginJar : add fmc
2024-12-11 13:00:04,002 [INFO] IPUIPlugin:80 - create IPUIPlugin
2024-12-11 13:00:04,002 [INFO] PluginManager:220 - loadIPPluginJar : add i2s
2024-12-11 13:00:04,003 [INFO] IPUIPlugin:80 - create IPUIPlugin
2024-12-11 13:00:04,003 [INFO] PluginManager:220 - loadIPPluginJar : add ucpd
2024-12-11 13:00:04,005 [INFO] IPUIPlugin:80 - create IPUIPlugin
2024-12-11 13:00:04,005 [INFO] PluginManager:220 - loadIPPluginJar : add lorawan
2024-12-11 13:00:04,007 [INFO] IPUIPlugin:80 - create IPUIPlugin
2024-12-11 13:00:04,008 [INFO] PluginManager:220 - loadIPPluginJar : add opamp
2024-12-11 13:00:04,009 [INFO] IPUIPlugin:80 - create IPUIPlugin
2024-12-11 13:00:04,010 [INFO] PluginManager:220 - loadIPPluginJar : add i3c
2024-12-11 13:00:04,012 [INFO] IPUIPlugin:80 - create IPUIPlugin
2024-12-11 13:00:04,016 [INFO] PluginManager:220 - loadIPPluginJar : add touchsensing
2024-12-11 13:00:04,021 [INFO] IPUIPlugin:80 - create IPUIPlugin
2024-12-11 13:00:04,021 [INFO] PluginManager:220 - loadIPPluginJar : add i2c
2024-12-11 13:00:04,024 [INFO] IPUIPlugin:80 - create IPUIPlugin
2024-12-11 13:00:04,024 [INFO] PluginManager:220 - loadIPPluginJar : add resmgrutility
2024-12-11 13:00:04,027 [INFO] IPUIPlugin:80 - create IPUIPlugin
2024-12-11 13:00:04,027 [INFO] PluginManager:220 - loadIPPluginJar : add sai
2024-12-11 13:00:04,030 [INFO] IPUIPlugin:80 - create IPUIPlugin
2024-12-11 13:00:04,030 [INFO] PluginManager:220 - loadIPPluginJar : add usbx
2024-12-11 13:00:04,168 [INFO] CADModel:165 - CPN selected for project level
2024-12-11 13:00:04,168 [INFO] CADModel:114 - Register for checkConnection events
2024-12-11 13:00:04,169 [FATAL] Updater:334 - Updater called before beeing initialized
2024-12-11 13:00:04,169 [ERROR] CADModel:125 - Updater not yet initialized, retry later 
2024-12-11 13:00:04,388 [INFO] ThirdPartyUpdaterWithRetryManager:70 - Updater plugin not ready yet. [2/15]
2024-12-11 13:00:04,680 [INFO] CADModel:165 - CPN selected for project level
2024-12-11 13:00:04,681 [INFO] CADModel:114 - Register for checkConnection events
2024-12-11 13:00:04,683 [FATAL] Updater:334 - Updater called before beeing initialized
2024-12-11 13:00:04,683 [ERROR] CADModel:125 - Updater not yet initialized, retry later 
2024-12-11 13:00:04,688 [FATAL] Updater:334 - Updater called before beeing initialized
2024-12-11 13:00:05,029 [FATAL] Updater:334 - Updater called before beeing initialized
2024-12-11 13:00:05,037 [INFO] DbMcusAds:53 - JSON generation date=Fri Sep 20 06:04:38 PDT 2024 (1726837478367)
2024-12-11 13:00:05,038 [FATAL] Updater:334 - Updater called before beeing initialized
2024-12-11 13:00:05,168 [WARN] DetailPanel:346 - Failed to get advertising image, set to default
2024-12-11 13:00:05,301 [FATAL] Updater:334 - Updater called before beeing initialized
2024-12-11 13:00:05,304 [FATAL] Updater:334 - Updater called before beeing initialized
2024-12-11 13:00:05,305 [FATAL] Updater:334 - Updater called before beeing initialized
2024-12-11 13:00:05,305 [WARN] DetailPanel:346 - Failed to get advertising image, set to default
2024-12-11 13:00:05,309 [FATAL] Updater:334 - Updater called before beeing initialized
2024-12-11 13:00:05,432 [ERROR] Updater:1164 - MainUpdater not yet initialized. External WinMGr cannot be set.
2024-12-11 13:00:05,531 [INFO] Updater:1100 - Updater Version found : 6.12.1
2024-12-11 13:00:05,551 [INFO] ApplicationProperties:184 - Using Application install path: /Applications/STM32CubeIDE.app/Contents/Eclipse/plugins/com.st.stm32cube.common.mx_6.12.1.202409122256
2024-12-11 13:00:06,204 [INFO] MainUpdater:2873 - connection check result : 10
2024-12-11 13:00:06,206 [INFO] MainUpdater:3567 - Updater definition file requires update
2024-12-11 13:00:06,207 [INFO] MainUpdater:290 - Updater Check For Update Now.
2024-12-11 13:00:06,207 [INFO] MicroXplorer:498 - Change Database Version : DB.6.0.121
2024-12-11 13:00:06,227 [INFO] McuFinderGlobals:63 - Set McuFinder mode to 2 (CubeIDE integrated)
2024-12-11 13:00:06,228 [INFO] UserAuth:417 - Internet connection configuration mode: 1
2024-12-11 13:00:06,243 [INFO] JxBrowserEngine:152 - Initiate JxBrowser Engine with user profile folder
2024-12-11 13:00:06,279 [INFO] ServerAccessManage:473 - Download File updaters.zip
2024-12-11 13:00:06,500 [INFO] FileExtend:240 - Unzip File : updaters.zip
2024-12-11 13:00:06,500 [INFO] FileExtend:255 - Standard Zip Deflate
2024-12-11 13:00:06,931 [INFO] ServerAccessManage:473 - Download File PacksControlFlags.xml
2024-12-11 13:00:07,273 [INFO] ServerAccessManage:473 - Download File cubemx.pidx
2024-12-11 13:00:07,392 [WARN] MainUpdater:1194 - Updater busy. Cannot search thirdparties
2024-12-11 13:00:07,393 [INFO] ThirdPartyUpdaterWithRetryManager:96 - Updater plugin is busy. [1/15]
2024-12-11 13:00:09,420 [INFO] ServerAccessManage:473 - Download File STMicroelectronics.X-CUBE-BLEMGR.pdsc
2024-12-11 13:00:09,999 [ERROR] ServerAccessManage:1089 - Problem, file not found on Server
2024-12-11 13:00:10,379 [INFO] ServerAccessManage:473 - Download File STMicroelectronics.X-CUBE-FREERTOS.pdsc
2024-12-11 13:00:10,397 [WARN] MainUpdater:1194 - Updater busy. Cannot search thirdparties
2024-12-11 13:00:10,401 [INFO] ThirdPartyUpdaterWithRetryManager:96 - Updater plugin is busy. [2/15]
2024-12-11 13:00:11,907 [INFO] ServerAccessManage:473 - Download File STMicroelectronics.X-CUBE-TCPP.pdsc
2024-12-11 13:00:12,901 [WARN] PackLoader:240 - Cannot read IP mode file for STMicroelectronics.X-CUBE-BLEMGR.4.0.0
2024-12-11 13:00:13,076 [WARN] PackLoader:240 - Cannot read IP mode file for STMicroelectronics.X-CUBE-FREERTOS.1.3.0
2024-12-11 13:00:13,147 [WARN] PopulateThirdPartyThread:106 - Error when creating pack: /Users/enrique/.stm32cubemx/thirdparties/pdsc/STMicroelectronics.X-CUBE-TCPP.pdsc
2024-12-11 13:00:13,148 [INFO] PopulateThirdPartyThread:66 - Ending populate Thread
2024-12-11 13:00:13,161 [INFO] ThirdParty:1030 - CMSIS Pack Vendor :STMicroelectronics X-CUBE-BLEMGR 4.0.0
2024-12-11 13:00:13,161 [INFO] ThirdParty:1030 - CMSIS Pack Vendor :STMicroelectronics X-CUBE-FREERTOS 1.3.0
2024-12-11 13:00:13,162 [INFO] LoadServerUpdatesThread:375 - End of LoadServerUpdate Thread
2024-12-11 13:00:13,166 [INFO] CheckServerUpdateThread:120 - End of CheckServer Thread
2024-12-11 13:00:13,803 [WARN] PackLoader:240 - Cannot read IP mode file for STMicroelectronics.FP-SNS-MOTENVWB1.1.4.0
2024-12-11 13:00:13,842 [WARN] PackLoader:240 - Cannot read IP mode file for STMicroelectronics.FP-ATR-ASTRA1.2.0.1
2024-12-11 13:00:13,861 [WARN] PackLoader:240 - Cannot read IP mode file for STMicroelectronics.X-CUBE-SMBUS.2.1.0
2024-12-11 13:00:13,920 [WARN] PackLoader:240 - Cannot read IP mode file for STMicroelectronics.X-CUBE-WB05N.1.1.0
2024-12-11 13:00:14,254 [WARN] PackLoader:240 - Cannot read IP mode file for STMicroelectronics.X-CUBE-AZRTOS-F7.1.1.0
2024-12-11 13:00:14,722 [WARN] PackLoader:240 - Cannot read IP mode file for STMicroelectronics.X-CUBE-MEMS1.11.0.0
2024-12-11 13:00:15,838 [WARN] PackLoader:240 - Cannot read IP mode file for STMicroelectronics.FP-SNS-FLIGHT1.5.0.2
2024-12-11 13:00:15,895 [WARN] PackLoader:240 - Cannot read IP mode file for STMicroelectronics.X-CUBE-DISPLAY.3.0.0
2024-12-11 13:00:15,924 [INFO] WebApp:167 - Instantiating new browser for Auth
2024-12-11 13:00:15,943 [WARN] PackLoader:240 - Cannot read IP mode file for STMicroelectronics.X-CUBE-BLE1.7.0.0
2024-12-11 13:00:16,045 [WARN] PackLoader:240 - Cannot read IP mode file for STMicroelectronics.X-CUBE-NFC10.1.0.0
2024-12-11 13:00:16,126 [WARN] PackLoader:240 - Cannot read IP mode file for STMicroelectronics.X-CUBE-BLEMGR.4.0.0
2024-12-11 13:00:16,225 [WARN] PackLoader:240 - Cannot read IP mode file for emotas.I-CUBE-CANOPEN.1.3.0
2024-12-11 13:00:16,334 [WARN] PackLoader:240 - Cannot read IP mode file for STMicroelectronics.X-CUBE-BLEMGR.3.1.0
2024-12-11 13:00:16,365 [WARN] PackLoader:240 - Cannot read IP mode file for STMicroelectronics.FP-SNS-SMARTAG2.1.2.0
2024-12-11 13:00:16,408 [INFO] LogOutputStream:77 - [STDOUT_REDIRECT] 1 : Invalid condition id : UX_CORESTACK_Condition cause : null
2024-12-11 13:00:16,420 [INFO] LogOutputStream:77 - [STDOUT_REDIRECT] 1 : Invalid condition id : UX_CORESTACK_Condition cause : null
2024-12-11 13:00:16,423 [INFO] LogOutputStream:77 - [STDOUT_REDIRECT] 1 : Invalid condition id : UX_CORESTACK_Condition cause : null
2024-12-11 13:00:16,428 [INFO] LogOutputStream:77 - [STDOUT_REDIRECT] 1 : Invalid condition id : UX_CORESTACK_Condition cause : null
2024-12-11 13:00:16,429 [INFO] LogOutputStream:77 - [STDOUT_REDIRECT] 1 : Invalid condition id : UX_CORESTACK_Condition cause : null
2024-12-11 13:00:16,451 [WARN] PackLoader:240 - Cannot read IP mode file for STMicroelectronics.X-CUBE-AZRTOS-WL.2.0.0
2024-12-11 13:00:16,485 [WARN] PackLoader:240 - Cannot read IP mode file for STMicroelectronics.FP-SNS-MOTENV1.5.0.0
2024-12-11 13:00:16,498 [WARN] PackLoader:240 - Cannot read IP mode file for wolfSSL.I-CUBE-wolfMQTT.1.19.0
2024-12-11 13:00:16,626 [WARN] PackLoader:240 - Cannot read IP mode file for WES.I-CUBE-Cesium.1.3.0
2024-12-11 13:00:16,673 [WARN] PackLoader:240 - Cannot read IP mode file for STMicroelectronics.X-CUBE-BLE2.3.3.0
2024-12-11 13:00:16,712 [WARN] PackLoader:240 - Cannot read IP mode file for STMicroelectronics.X-CUBE-NFC9.1.0.0
2024-12-11 13:00:16,759 [WARN] PackLoader:240 - Cannot read IP mode file for STMicroelectronics.X-CUBE-TCPP.4.1.0
2024-12-11 13:00:16,887 [WARN] PackLoader:240 - Cannot read IP mode file for STMicroelectronics.X-CUBE-AZRTOS-G0.1.1.0
2024-12-11 13:00:16,955 [WARN] PackLoader:240 - Cannot read IP mode file for STMicroelectronics.X-CUBE-SAFEA1.1.2.2
2024-12-11 13:00:16,981 [WARN] PackLoader:240 - Cannot read IP mode file for STMicroelectronics.X-CUBE-NFC4.3.0.0
2024-12-11 13:00:17,093 [WARN] PackLoader:240 - Cannot read IP mode file for EmbeddedOffice.I-CUBE-FS-RTOS.1.0.1
2024-12-11 13:00:17,097 [ERROR] ConditionMgr:805 - Attr not supported : Dmpu
2024-12-11 13:00:17,101 [ERROR] ConditionMgr:805 - Attr not supported : Dmpu
2024-12-11 13:00:17,102 [ERROR] ConditionMgr:805 - Attr not supported : Dmpu
2024-12-11 13:00:17,102 [ERROR] ConditionMgr:805 - Attr not supported : Dmpu
2024-12-11 13:00:17,103 [ERROR] ConditionMgr:805 - Attr not supported : Dmpu
2024-12-11 13:00:17,103 [ERROR] ConditionMgr:805 - Attr not supported : Dmpu
2024-12-11 13:00:17,104 [ERROR] ConditionMgr:805 - Attr not supported : Dmpu
2024-12-11 13:00:17,104 [ERROR] ConditionMgr:805 - Attr not supported : Dmpu
2024-12-11 13:00:17,106 [ERROR] ConditionMgr:805 - Attr not supported : Dmpu
2024-12-11 13:00:17,108 [ERROR] ConditionMgr:805 - Attr not supported : Dmpu
2024-12-11 13:00:17,108 [ERROR] ConditionMgr:805 - Attr not supported : Dmpu
2024-12-11 13:00:17,110 [ERROR] ConditionMgr:805 - Attr not supported : Dmpu
2024-12-11 13:00:17,115 [ERROR] ConditionMgr:805 - Attr not supported : Dmpu
2024-12-11 13:00:17,118 [ERROR] ConditionMgr:805 - Attr not supported : Dmpu
2024-12-11 13:00:17,120 [ERROR] ConditionMgr:805 - Attr not supported : Dmpu
2024-12-11 13:00:17,121 [ERROR] ConditionMgr:805 - Attr not supported : Dmpu
2024-12-11 13:00:17,121 [ERROR] ConditionMgr:805 - Attr not supported : Dmpu
2024-12-11 13:00:17,122 [ERROR] ConditionMgr:805 - Attr not supported : Dmpu
2024-12-11 13:00:17,122 [ERROR] ConditionMgr:805 - Attr not supported : Dmpu
2024-12-11 13:00:17,123 [ERROR] ConditionMgr:805 - Attr not supported : Dmpu
2024-12-11 13:00:17,123 [ERROR] ConditionMgr:805 - Attr not supported : Dmpu
2024-12-11 13:00:17,123 [ERROR] ConditionMgr:805 - Attr not supported : Dmpu
2024-12-11 13:00:17,123 [ERROR] ConditionMgr:805 - Attr not supported : Dmpu
2024-12-11 13:00:17,124 [ERROR] ConditionMgr:805 - Attr not supported : Dmpu
2024-12-11 13:00:17,124 [ERROR] ConditionMgr:805 - Attr not supported : Dmpu
2024-12-11 13:00:17,124 [ERROR] ConditionMgr:805 - Attr not supported : Dmpu
2024-12-11 13:00:17,125 [ERROR] ConditionMgr:805 - Attr not supported : Dmpu
2024-12-11 13:00:17,125 [ERROR] ConditionMgr:805 - Attr not supported : Dmpu
2024-12-11 13:00:17,125 [ERROR] ConditionMgr:805 - Attr not supported : Dmpu
2024-12-11 13:00:17,125 [ERROR] ConditionMgr:805 - Attr not supported : Dmpu
2024-12-11 13:00:17,125 [ERROR] ConditionMgr:805 - Attr not supported : Dmpu
2024-12-11 13:00:17,125 [ERROR] ConditionMgr:805 - Attr not supported : Dmpu
2024-12-11 13:00:17,126 [ERROR] ConditionMgr:805 - Attr not supported : Dmpu
2024-12-11 13:00:17,126 [ERROR] ConditionMgr:805 - Attr not supported : Dmpu
2024-12-11 13:00:17,126 [ERROR] ConditionMgr:805 - Attr not supported : Dmpu
2024-12-11 13:00:17,127 [ERROR] ConditionMgr:805 - Attr not supported : Dmpu
2024-12-11 13:00:17,136 [ERROR] ConditionMgr:805 - Attr not supported : Dmpu
2024-12-11 13:00:17,139 [ERROR] ConditionMgr:805 - Attr not supported : Dmpu
2024-12-11 13:00:17,154 [ERROR] ConditionMgr:805 - Attr not supported : Dmpu
2024-12-11 13:00:17,160 [ERROR] ConditionMgr:805 - Attr not supported : Dmpu
2024-12-11 13:00:17,163 [ERROR] ConditionMgr:805 - Attr not supported : Dmpu
2024-12-11 13:00:17,164 [ERROR] ConditionMgr:805 - Attr not supported : Dmpu
2024-12-11 13:00:17,168 [ERROR] ConditionMgr:805 - Attr not supported : Dmpu
2024-12-11 13:00:17,169 [ERROR] ConditionMgr:805 - Attr not supported : Dmpu
2024-12-11 13:00:17,181 [ERROR] ConditionMgr:805 - Attr not supported : Dmpu
2024-12-11 13:00:17,183 [ERROR] ConditionMgr:805 - Attr not supported : Dmpu
2024-12-11 13:00:17,186 [ERROR] ConditionMgr:805 - Attr not supported : Dmpu
2024-12-11 13:00:17,186 [ERROR] ConditionMgr:805 - Attr not supported : Dmpu
2024-12-11 13:00:17,187 [ERROR] ConditionMgr:805 - Attr not supported : Dmpu
2024-12-11 13:00:17,189 [ERROR] ConditionMgr:805 - Attr not supported : Dmpu
2024-12-11 13:00:17,191 [ERROR] ConditionMgr:805 - Attr not supported : Dmpu
2024-12-11 13:00:17,193 [ERROR] ConditionMgr:805 - Attr not supported : Dmpu
2024-12-11 13:00:17,193 [ERROR] ConditionMgr:805 - Attr not supported : Dmpu
2024-12-11 13:00:17,193 [ERROR] ConditionMgr:805 - Attr not supported : Dmpu
2024-12-11 13:00:17,193 [ERROR] ConditionMgr:805 - Attr not supported : Dmpu
2024-12-11 13:00:17,193 [ERROR] ConditionMgr:805 - Attr not supported : Dmpu
2024-12-11 13:00:17,194 [ERROR] ConditionMgr:805 - Attr not supported : Dmpu
2024-12-11 13:00:17,194 [ERROR] ConditionMgr:805 - Attr not supported : Dmpu
2024-12-11 13:00:17,194 [ERROR] ConditionMgr:805 - Attr not supported : Dmpu
2024-12-11 13:00:17,194 [ERROR] ConditionMgr:805 - Attr not supported : Dmpu
2024-12-11 13:00:17,194 [ERROR] ConditionMgr:805 - Attr not supported : Dmpu
2024-12-11 13:00:17,194 [ERROR] ConditionMgr:805 - Attr not supported : Dmpu
2024-12-11 13:00:17,194 [ERROR] ConditionMgr:805 - Attr not supported : Dmpu
2024-12-11 13:00:17,194 [ERROR] ConditionMgr:805 - Attr not supported : Dmpu
2024-12-11 13:00:17,238 [ERROR] Engine:466 - /Users/enrique/.stm32cubemx/thirdparties/pdsc/STMicroelectronics.X-CUBE-TCPP.4.2.0.pdsc: PDSC version is not supported
2024-12-11 13:00:17,311 [WARN] PackLoader:240 - Cannot read IP mode file for RealThread.X-CUBE-RT-Thread_Nano.4.1.1
2024-12-11 13:00:17,342 [WARN] PackLoader:240 - Cannot read IP mode file for STMicroelectronics.FP-ATR-SIGFOX1.3.2.0
2024-12-11 13:00:17,385 [WARN] PackLoader:240 - Cannot read IP mode file for wolfSSL.I-CUBE-wolfSSL.5.7.2
2024-12-11 13:00:17,424 [WARN] ConditionMgr:438 - getConditionDescription Invalid condition id : Cortex-A Device cause : null
2024-12-11 13:00:17,635 [WARN] ConditionMgr:1039 - genDependencies : Invalid condition id : Cortex-A Device cause : null
2024-12-11 13:00:17,636 [WARN] ConditionMgr:1039 - genDependencies : Invalid condition id : Cortex-A Device cause : null
2024-12-11 13:00:17,638 [WARN] ConditionMgr:1039 - genDependencies : Invalid condition id : Cortex-A Device cause : null
2024-12-11 13:00:17,715 [WARN] PackLoader:240 - Cannot read IP mode file for STMicroelectronics.X-CUBE-EEPRMA1.5.1.0
2024-12-11 13:00:17,764 [WARN] PackLoader:240 - Cannot read IP mode file for ITTIA_DB.I-CUBE-ITTIADB.8.9.0
2024-12-11 13:00:17,989 [WARN] PackLoader:240 - Cannot read IP mode file for SEGGER.I-CUBE-embOS.1.3.1
2024-12-11 13:00:18,275 [WARN] PackLoader:240 - Cannot read IP mode file for STMicroelectronics.X-CUBE-ALGOBUILD.1.4.0
2024-12-11 13:00:18,359 [WARN] PackLoader:240 - Cannot read IP mode file for STMicroelectronics.X-CUBE-AI.9.1.0
2024-12-11 13:00:18,437 [WARN] PackLoader:240 - Cannot read IP mode file for STMicroelectronics.X-CUBE-AZRTOS-F4.1.1.0
2024-12-11 13:00:18,467 [WARN] PackLoader:240 - Cannot read IP mode file for STMicroelectronics.X-CUBE-ISPU.2.1.0
2024-12-11 13:00:18,523 [WARN] PackLoader:240 - Cannot read IP mode file for STMicroelectronics.X-CUBE-FREERTOS.1.2.0
2024-12-11 13:00:18,647 [WARN] PackLoader:240 - Cannot read IP mode file for STMicroelectronics.X-CUBE-AZRTOS-L5.2.0.0
2024-12-11 13:00:18,712 [WARN] PackLoader:240 - Cannot read IP mode file for STMicroelectronics.X-CUBE-NFC6.3.1.0
2024-12-11 13:00:18,790 [WARN] PackLoader:240 - Cannot read IP mode file for STMicroelectronics.X-CUBE-DPower.1.2.0
2024-12-11 13:00:18,813 [WARN] PackLoader:240 - Cannot read IP mode file for STMicroelectronics.X-CUBE-AI.9.0.0
2024-12-11 13:00:18,887 [WARN] PackLoader:240 - Cannot read IP mode file for STMicroelectronics.X-CUBE-FREERTOS.1.3.0
2024-12-11 13:00:18,926 [WARN] PackLoader:240 - Cannot read IP mode file for STMicroelectronics.X-CUBE-NFC7.1.0.1
2024-12-11 13:00:19,019 [WARN] ConditionMgr:438 - getConditionDescription Invalid condition id : LAN8742 Phy interface Condition cause : null
2024-12-11 13:00:19,052 [WARN] PackLoader:240 - Cannot read IP mode file for STMicroelectronics.X-CUBE-AZRTOS-L4.2.0.0
2024-12-11 13:00:19,065 [WARN] ConditionMgr:1039 - genDependencies : Invalid condition id : LAN8742 Phy interface Condition cause : null
2024-12-11 13:00:19,068 [WARN] ConditionMgr:1039 - genDependencies : Invalid condition id : LAN8742 Phy interface Condition cause : null
2024-12-11 13:00:19,074 [WARN] ConditionMgr:1039 - genDependencies : Invalid condition id : LAN8742 Phy interface Condition cause : null
2024-12-11 13:00:19,174 [WARN] PackLoader:240 - Cannot read IP mode file for STMicroelectronics.X-CUBE-SFXS2LP1.4.0.0
2024-12-11 13:00:19,282 [WARN] PackLoader:240 - Cannot read IP mode file for STMicroelectronics.X-CUBE-AZRTOS-H7.3.3.0
2024-12-11 13:00:19,369 [WARN] PackLoader:240 - Cannot read IP mode file for STMicroelectronics.X-CUBE-IPS.3.0.0
2024-12-11 13:00:19,430 [WARN] ConditionMgr:438 - getConditionDescription Invalid condition id : UX DEVICE CLASS RTOS Condition cause : null
2024-12-11 13:00:19,430 [WARN] ConditionMgr:438 - getConditionDescription Invalid condition id : UX DEVICE CLASS RTOS Condition cause : null
2024-12-11 13:00:19,443 [WARN] PackLoader:240 - Cannot read IP mode file for STMicroelectronics.X-CUBE-AZRTOS-WB.2.0.0
2024-12-11 13:00:19,447 [WARN] ConditionMgr:1039 - genDependencies : Invalid condition id : UX DEVICE CLASS RTOS Condition cause : null
2024-12-11 13:00:19,447 [WARN] ConditionMgr:1039 - genDependencies : Invalid condition id : UX DEVICE CLASS RTOS Condition cause : null
2024-12-11 13:00:19,449 [WARN] ConditionMgr:1039 - genDependencies : Invalid condition id : UX DEVICE CLASS RTOS Condition cause : null
2024-12-11 13:00:19,451 [WARN] ConditionMgr:1039 - genDependencies : Invalid condition id : UX DEVICE CLASS RTOS Condition cause : null
2024-12-11 13:00:19,452 [WARN] ConditionMgr:1039 - genDependencies : Invalid condition id : UX DEVICE CLASS RTOS Condition cause : null
2024-12-11 13:00:19,482 [WARN] PackLoader:240 - Cannot read IP mode file for STMicroelectronics.X-CUBE-GNSS1.7.0.0
2024-12-11 13:00:19,573 [WARN] PackLoader:240 - Cannot read IP mode file for STMicroelectronics.FP-SNS-STBOX1.2.0.0
2024-12-11 13:00:19,662 [WARN] PackLoader:240 - Cannot read IP mode file for STMicroelectronics.X-CUBE-SUBG2.5.0.0
2024-12-11 13:00:19,700 [WARN] PackLoader:240 - Cannot read IP mode file for Cesanta.I-CUBE-Mongoose.7.13.0
2024-12-11 13:00:19,761 [WARN] PackLoader:240 - Cannot read IP mode file for STMicroelectronics.X-CUBE-AZRTOS-G4.2.0.0
2024-12-11 13:00:19,787 [WARN] PackLoader:240 - Cannot read IP mode file for STMicroelectronics.X-CUBE-ALS.1.0.2
2024-12-11 13:00:19,803 [WARN] PackLoader:240 - Cannot read IP mode file for STMicroelectronics.X-CUBE-TOUCHGFX.4.24.1
2024-12-11 13:00:19,812 [WARN] PackLoader:240 - Cannot read IP mode file for wolfSSL.I-CUBE-wolfTPM.3.4.0
2024-12-11 13:00:19,831 [WARN] PackLoader:240 - Cannot read IP mode file for portGmbH.I-Cube-SoM-uGOAL.1.1.0
2024-12-11 13:00:19,909 [WARN] PackLoader:240 - Cannot read IP mode file for STMicroelectronics.X-CUBE-AZRTOS-H7RS.1.0.0
2024-12-11 13:00:19,944 [WARN] PackLoader:240 - Cannot read IP mode file for STMicroelectronics.FP-ATR-ASTRA1.2.0.0
2024-12-11 13:00:19,990 [WARN] PackLoader:240 - Cannot read IP mode file for STMicroelectronics.X-CUBE-TOF1.3.4.2
2024-12-11 13:00:20,324 [WARN] PackLoader:240 - Cannot read IP mode file for Infineon.AIROC-Wi-Fi-Bluetooth-STM32.1.6.1
2024-12-11 13:00:20,378 [WARN] PackLoader:240 - Cannot read IP mode file for wolfSSL.I-CUBE-wolfSSH.1.4.17
2024-12-11 13:00:20,400 [INFO] ThirdParty:978 - Integrity check success = true
2024-12-11 13:00:20,402 [INFO] IntegrityCheckThread:100 - exiting critical section [integrity check]
2024-12-11 13:00:20,406 [INFO] IntegrityCheckThread:103 - End integrity checks thread
2024-12-11 13:00:21,149 [INFO] WebApp:448 - Apply proxy settings
2024-12-11 13:00:21,206 [INFO] WebApp:493 - Chromium authenticates against Manually configured proxy
2024-12-11 13:00:21,257 [INFO] WebApp:501 - Username used for proxy authentication: 
2024-12-11 13:00:21,432 [INFO] WebApp:869 - Register for checkConnection events
2024-12-11 13:00:21,434 [INFO] WebApp:448 - Apply proxy settings
2024-12-11 13:00:21,443 [INFO] WebApp:493 - Chromium authenticates against Manually configured proxy
2024-12-11 13:00:21,445 [INFO] WebApp:501 - Username used for proxy authentication: 
2024-12-11 13:00:22,120 [INFO] WebApp:220 - Starting web application
2024-12-11 13:00:22,121 [INFO] WebApp:578 - Web application path used /Applications/STM32CubeIDE.app/Contents/Eclipse/plugins/com.st.stm32cube.common.mx_6.12.1.202409122256/db/plugins/mcufinder/reactClient1/index.html
2024-12-11 13:00:23,053 [INFO] WebApp:186 - Connection restablished
2024-12-11 13:00:23,695 [INFO] UserAuth:417 - Internet connection configuration mode: 1
2024-12-11 13:25:41,711 [ERROR] LogOutputStream:75 - [STDERR_REDIRECT] 
